Swagger: skipping unknown type "EmisionReading".
Swagger: skipping unknown type "EmisionReading".
Swagger: skipping unknown type "EmisionReading".
Swagger: skipping unknown type "EmisionReading".
Unhandled error for request POST /api/VehicleCompany: Error: Error trying invoke business network with transaction id 2dbc0169f1e29e4b0cbf249b88ba09ed8fd39df565db1f185af7ad952cb1482d. Error: No valid responses from any peers.
Response from attempted peer comms was an error: Error: transaction returned with failure: Error: Failed to add object with ID 'BlockPower1' in collection with ID 'Participant:org.proyecto.lowcarbon.VehicleCompany' as the object already exists
    at HLFConnection.invokeChainCode (/home/hyperledger/.nvm/versions/node/v8.16.1/lib/node_modules/composer-rest-server/node_modules/composer-connector-hlfv1/lib/hlfconnection.js:1117:30)
    at <anonymous>
Unhandled error for request POST /api/SensorCertifier: Error: Error trying invoke business network with transaction id b0b6d62f4b270aeb16a217443070ba19ef4a6a96055e05097b970bb35294f9be. Error: No valid responses from any peers.
Response from attempted peer comms was an error: Error: transaction returned with failure: Error: Failed to add object with ID 'BlockPower1' in collection with ID 'Participant:org.proyecto.lowcarbon.SensorCertifier' as the object already exists
    at HLFConnection.invokeChainCode (/home/hyperledger/.nvm/versions/node/v8.16.1/lib/node_modules/composer-rest-server/node_modules/composer-connector-hlfv1/lib/hlfconnection.js:1117:30)
    at <anonymous>
Unhandled error for request POST /api/VehicleCompany: Error: Error trying invoke business network with transaction id 7d3209d6842e8d60ea952793575cad658dafb7b0845f40d9a807c771861a39f2. Error: No valid responses from any peers.
Response from attempted peer comms was an error: Error: transaction returned with failure: Error: Failed to add object with ID 'BlockPower1' in collection with ID 'Participant:org.proyecto.lowcarbon.VehicleCompany' as the object already exists
    at HLFConnection.invokeChainCode (/home/hyperledger/.nvm/versions/node/v8.16.1/lib/node_modules/composer-rest-server/node_modules/composer-connector-hlfv1/lib/hlfconnection.js:1117:30)
    at <anonymous>
Unhandled error for request POST /api/SensorCertifier: Error: Error trying invoke business network with transaction id 100958c7cc5f6319430e77e6b35b5a7653ebc0bc6c44db163a8764d630e64fb1. Error: No valid responses from any peers.
Response from attempted peer comms was an error: Error: transaction returned with failure: Error: Failed to add object with ID 'BlockPower1' in collection with ID 'Participant:org.proyecto.lowcarbon.SensorCertifier' as the object already exists
    at HLFConnection.invokeChainCode (/home/hyperledger/.nvm/versions/node/v8.16.1/lib/node_modules/composer-rest-server/node_modules/composer-connector-hlfv1/lib/hlfconnection.js:1117:30)
    at <anonymous>
Unhandled error for request POST /api/VehicleCompany: Error: Error trying invoke business network with transaction id 1552f3a24790268778cc6242a1f968f232105d2c62c815ebc3004811708425a7. Error: No valid responses from any peers.
Response from attempted peer comms was an error: Error: transaction returned with failure: Error: Failed to add object with ID 'BlockPower1' in collection with ID 'Participant:org.proyecto.lowcarbon.VehicleCompany' as the object already exists
    at HLFConnection.invokeChainCode (/home/hyperledger/.nvm/versions/node/v8.16.1/lib/node_modules/composer-rest-server/node_modules/composer-connector-hlfv1/lib/hlfconnection.js:1117:30)
    at <anonymous>
Unhandled error for request POST /api/SensorCertifier: Error: Error trying invoke business network with transaction id c534bf1a588ecc4bdc805c165df7e92e5d15297509a8f0937d35b6befe1d9e3a. Error: No valid responses from any peers.
Response from attempted peer comms was an error: Error: transaction returned with failure: Error: Failed to add object with ID 'BlockPower1' in collection with ID 'Participant:org.proyecto.lowcarbon.SensorCertifier' as the object already exists
    at HLFConnection.invokeChainCode (/home/hyperledger/.nvm/versions/node/v8.16.1/lib/node_modules/composer-rest-server/node_modules/composer-connector-hlfv1/lib/hlfconnection.js:1117:30)
    at <anonymous>
Unhandled error for request POST /api/Vehicle: Error: Error trying invoke business network with transaction id ce42f7fc0256ad09bd03dc9daa4c9dfc3694bc025a6c4c66169e55e028b81be5. Error: No valid responses from any peers.
Response from attempted peer comms was an error: Error: transaction returned with failure: Error: Failed to add object with ID '12344' in collection with ID 'Asset:org.proyecto.lowcarbon.Vehicle' as the object already exists
    at HLFConnection.invokeChainCode (/home/hyperledger/.nvm/versions/node/v8.16.1/lib/node_modules/composer-rest-server/node_modules/composer-connector-hlfv1/lib/hlfconnection.js:1117:30)
    at <anonymous>
Unhandled error for request PUT /api/Vehicle/12344: Error: id property (vinId) cannot be updated from 12344 to 12344
    at Function.DataAccessObject.replaceById (/home/hyperledger/.nvm/versions/node/v8.16.1/lib/node_modules/composer-rest-server/node_modules/loopback-datasource-juggler/lib/dao.js:3033:11)
    at SharedMethod.invoke (/home/hyperledger/.nvm/versions/node/v8.16.1/lib/node_modules/composer-rest-server/node_modules/strong-remoting/lib/shared-method.js:270:25)
    at HttpContext.invoke (/home/hyperledger/.nvm/versions/node/v8.16.1/lib/node_modules/composer-rest-server/node_modules/strong-remoting/lib/http-context.js:297:12)
    at phaseInvoke (/home/hyperledger/.nvm/versions/node/v8.16.1/lib/node_modules/composer-rest-server/node_modules/strong-remoting/lib/remote-objects.js:695:9)
    at runHandler (/home/hyperledger/.nvm/versions/node/v8.16.1/lib/node_modules/composer-rest-server/node_modules/strong-remoting/node_modules/loopback-phase/lib/phase.js:135:5)
    at /home/hyperledger/.nvm/versions/node/v8.16.1/lib/node_modules/composer-rest-server/node_modules/strong-remoting/node_modules/async/dist/async.js:3110:16
    at replenish (/home/hyperledger/.nvm/versions/node/v8.16.1/lib/node_modules/composer-rest-server/node_modules/strong-remoting/node_modules/async/dist/async.js:1011:17)
    at /home/hyperledger/.nvm/versions/node/v8.16.1/lib/node_modules/composer-rest-server/node_modules/strong-remoting/node_modules/async/dist/async.js:1016:9
    at eachLimit$1 (/home/hyperledger/.nvm/versions/node/v8.16.1/lib/node_modules/composer-rest-server/node_modules/strong-remoting/node_modules/async/dist/async.js:3196:24)
    at Object.<anonymous> (/home/hyperledger/.nvm/versions/node/v8.16.1/lib/node_modules/composer-rest-server/node_modules/strong-remoting/node_modules/async/dist/async.js:1046:16)
    at runHandlers (/home/hyperledger/.nvm/versions/node/v8.16.1/lib/node_modules/composer-rest-server/node_modules/strong-remoting/node_modules/loopback-phase/lib/phase.js:144:13)
    at /home/hyperledger/.nvm/versions/node/v8.16.1/lib/node_modules/composer-rest-server/node_modules/strong-remoting/node_modules/async/dist/async.js:3110:16
    at replenish (/home/hyperledger/.nvm/versions/node/v8.16.1/lib/node_modules/composer-rest-server/node_modules/strong-remoting/node_modules/async/dist/async.js:1011:17)
    at /home/hyperledger/.nvm/versions/node/v8.16.1/lib/node_modules/composer-rest-server/node_modules/strong-remoting/node_modules/async/dist/async.js:1016:9
    at eachLimit$1 (/home/hyperledger/.nvm/versions/node/v8.16.1/lib/node_modules/composer-rest-server/node_modules/strong-remoting/node_modules/async/dist/async.js:3196:24)
    at Object.<anonymous> (/home/hyperledger/.nvm/versions/node/v8.16.1/lib/node_modules/composer-rest-server/node_modules/strong-remoting/node_modules/async/dist/async.js:1046:16)
Unhandled error for request POST /api/VehicleCompany: Error: Error trying invoke business network with transaction id 0058268b729ef5a12214ea7d87c3a11611c625b41175a3e881b4a8076e70e99e. Error: No valid responses from any peers.
Response from attempted peer comms was an error: Error: transaction returned with failure: Error: Failed to add object with ID 'BlockPower1' in collection with ID 'Participant:org.proyecto.lowcarbon.VehicleCompany' as the object already exists
    at HLFConnection.invokeChainCode (/home/hyperledger/.nvm/versions/node/v8.16.1/lib/node_modules/composer-rest-server/node_modules/composer-connector-hlfv1/lib/hlfconnection.js:1117:30)
    at <anonymous>
Unhandled error for request POST /api/SensorCertifier: Error: Error trying invoke business network with transaction id e5676cdd71213c90ab28a4cd6329762f518b9937b91daa3ebcb046c8d227792b. Error: No valid responses from any peers.
Response from attempted peer comms was an error: Error: transaction returned with failure: Error: Failed to add object with ID 'BlockPower1' in collection with ID 'Participant:org.proyecto.lowcarbon.SensorCertifier' as the object already exists
    at HLFConnection.invokeChainCode (/home/hyperledger/.nvm/versions/node/v8.16.1/lib/node_modules/composer-rest-server/node_modules/composer-connector-hlfv1/lib/hlfconnection.js:1117:30)
    at <anonymous>
Unhandled error for request POST /api/VehicleCompany: Error: Error trying invoke business network with transaction id ba2ba5b75a90b14b1b457d6dded04d0fc401689fe90b0f091d5ffb9a40ad157b. Error: No valid responses from any peers.
Response from attempted peer comms was an error: Error: transaction returned with failure: Error: Failed to add object with ID 'BlockPower1' in collection with ID 'Participant:org.proyecto.lowcarbon.VehicleCompany' as the object already exists
    at HLFConnection.invokeChainCode (/home/hyperledger/.nvm/versions/node/v8.16.1/lib/node_modules/composer-rest-server/node_modules/composer-connector-hlfv1/lib/hlfconnection.js:1117:30)
    at <anonymous>
Unhandled error for request POST /api/SensorCertifier: Error: Error trying invoke business network with transaction id 083875a8633c05531f255f872a17848f7fb1ba6d7827defadd99b11f0a9041d7. Error: No valid responses from any peers.
Response from attempted peer comms was an error: Error: transaction returned with failure: Error: Failed to add object with ID 'BlockPower1' in collection with ID 'Participant:org.proyecto.lowcarbon.SensorCertifier' as the object already exists
    at HLFConnection.invokeChainCode (/home/hyperledger/.nvm/versions/node/v8.16.1/lib/node_modules/composer-rest-server/node_modules/composer-connector-hlfv1/lib/hlfconnection.js:1117:30)
    at <anonymous>
Unhandled error for request PUT /api/Vehicle/12344: Error: id property (vinId) cannot be updated from 12344 to 12344
    at Function.DataAccessObject.replaceById (/home/hyperledger/.nvm/versions/node/v8.16.1/lib/node_modules/composer-rest-server/node_modules/loopback-datasource-juggler/lib/dao.js:3033:11)
    at SharedMethod.invoke (/home/hyperledger/.nvm/versions/node/v8.16.1/lib/node_modules/composer-rest-server/node_modules/strong-remoting/lib/shared-method.js:270:25)
    at HttpContext.invoke (/home/hyperledger/.nvm/versions/node/v8.16.1/lib/node_modules/composer-rest-server/node_modules/strong-remoting/lib/http-context.js:297:12)
    at phaseInvoke (/home/hyperledger/.nvm/versions/node/v8.16.1/lib/node_modules/composer-rest-server/node_modules/strong-remoting/lib/remote-objects.js:695:9)
    at runHandler (/home/hyperledger/.nvm/versions/node/v8.16.1/lib/node_modules/composer-rest-server/node_modules/strong-remoting/node_modules/loopback-phase/lib/phase.js:135:5)
    at /home/hyperledger/.nvm/versions/node/v8.16.1/lib/node_modules/composer-rest-server/node_modules/strong-remoting/node_modules/async/dist/async.js:3110:16
    at replenish (/home/hyperledger/.nvm/versions/node/v8.16.1/lib/node_modules/composer-rest-server/node_modules/strong-remoting/node_modules/async/dist/async.js:1011:17)
    at /home/hyperledger/.nvm/versions/node/v8.16.1/lib/node_modules/composer-rest-server/node_modules/strong-remoting/node_modules/async/dist/async.js:1016:9
    at eachLimit$1 (/home/hyperledger/.nvm/versions/node/v8.16.1/lib/node_modules/composer-rest-server/node_modules/strong-remoting/node_modules/async/dist/async.js:3196:24)
    at Object.<anonymous> (/home/hyperledger/.nvm/versions/node/v8.16.1/lib/node_modules/composer-rest-server/node_modules/strong-remoting/node_modules/async/dist/async.js:1046:16)
    at runHandlers (/home/hyperledger/.nvm/versions/node/v8.16.1/lib/node_modules/composer-rest-server/node_modules/strong-remoting/node_modules/loopback-phase/lib/phase.js:144:13)
    at /home/hyperledger/.nvm/versions/node/v8.16.1/lib/node_modules/composer-rest-server/node_modules/strong-remoting/node_modules/async/dist/async.js:3110:16
    at replenish (/home/hyperledger/.nvm/versions/node/v8.16.1/lib/node_modules/composer-rest-server/node_modules/strong-remoting/node_modules/async/dist/async.js:1011:17)
    at /home/hyperledger/.nvm/versions/node/v8.16.1/lib/node_modules/composer-rest-server/node_modules/strong-remoting/node_modules/async/dist/async.js:1016:9
    at eachLimit$1 (/home/hyperledger/.nvm/versions/node/v8.16.1/lib/node_modules/composer-rest-server/node_modules/strong-remoting/node_modules/async/dist/async.js:3196:24)
    at Object.<anonymous> (/home/hyperledger/.nvm/versions/node/v8.16.1/lib/node_modules/composer-rest-server/node_modules/strong-remoting/node_modules/async/dist/async.js:1046:16)
Unhandled error for request PUT /api/Vehicle/12344: Error: id property (vinId) cannot be updated from 12344 to 12344
    at Function.DataAccessObject.replaceById (/home/hyperledger/.nvm/versions/node/v8.16.1/lib/node_modules/composer-rest-server/node_modules/loopback-datasource-juggler/lib/dao.js:3033:11)
    at SharedMethod.invoke (/home/hyperledger/.nvm/versions/node/v8.16.1/lib/node_modules/composer-rest-server/node_modules/strong-remoting/lib/shared-method.js:270:25)
    at HttpContext.invoke (/home/hyperledger/.nvm/versions/node/v8.16.1/lib/node_modules/composer-rest-server/node_modules/strong-remoting/lib/http-context.js:297:12)
    at phaseInvoke (/home/hyperledger/.nvm/versions/node/v8.16.1/lib/node_modules/composer-rest-server/node_modules/strong-remoting/lib/remote-objects.js:695:9)
    at runHandler (/home/hyperledger/.nvm/versions/node/v8.16.1/lib/node_modules/composer-rest-server/node_modules/strong-remoting/node_modules/loopback-phase/lib/phase.js:135:5)
    at /home/hyperledger/.nvm/versions/node/v8.16.1/lib/node_modules/composer-rest-server/node_modules/strong-remoting/node_modules/async/dist/async.js:3110:16
    at replenish (/home/hyperledger/.nvm/versions/node/v8.16.1/lib/node_modules/composer-rest-server/node_modules/strong-remoting/node_modules/async/dist/async.js:1011:17)
    at /home/hyperledger/.nvm/versions/node/v8.16.1/lib/node_modules/composer-rest-server/node_modules/strong-remoting/node_modules/async/dist/async.js:1016:9
    at eachLimit$1 (/home/hyperledger/.nvm/versions/node/v8.16.1/lib/node_modules/composer-rest-server/node_modules/strong-remoting/node_modules/async/dist/async.js:3196:24)
    at Object.<anonymous> (/home/hyperledger/.nvm/versions/node/v8.16.1/lib/node_modules/composer-rest-server/node_modules/strong-remoting/node_modules/async/dist/async.js:1046:16)
    at runHandlers (/home/hyperledger/.nvm/versions/node/v8.16.1/lib/node_modules/composer-rest-server/node_modules/strong-remoting/node_modules/loopback-phase/lib/phase.js:144:13)
    at /home/hyperledger/.nvm/versions/node/v8.16.1/lib/node_modules/composer-rest-server/node_modules/strong-remoting/node_modules/async/dist/async.js:3110:16
    at replenish (/home/hyperledger/.nvm/versions/node/v8.16.1/lib/node_modules/composer-rest-server/node_modules/strong-remoting/node_modules/async/dist/async.js:1011:17)
    at /home/hyperledger/.nvm/versions/node/v8.16.1/lib/node_modules/composer-rest-server/node_modules/strong-remoting/node_modules/async/dist/async.js:1016:9
    at eachLimit$1 (/home/hyperledger/.nvm/versions/node/v8.16.1/lib/node_modules/composer-rest-server/node_modules/strong-remoting/node_modules/async/dist/async.js:3196:24)
    at Object.<anonymous> (/home/hyperledger/.nvm/versions/node/v8.16.1/lib/node_modules/composer-rest-server/node_modules/strong-remoting/node_modules/async/dist/async.js:1046:16)
Unhandled error for request PUT /api/Vehicle/12344: Error: id property (vinId) cannot be updated from 12344 to 12344
    at Function.DataAccessObject.replaceById (/home/hyperledger/.nvm/versions/node/v8.16.1/lib/node_modules/composer-rest-server/node_modules/loopback-datasource-juggler/lib/dao.js:3033:11)
    at SharedMethod.invoke (/home/hyperledger/.nvm/versions/node/v8.16.1/lib/node_modules/composer-rest-server/node_modules/strong-remoting/lib/shared-method.js:270:25)
    at HttpContext.invoke (/home/hyperledger/.nvm/versions/node/v8.16.1/lib/node_modules/composer-rest-server/node_modules/strong-remoting/lib/http-context.js:297:12)
    at phaseInvoke (/home/hyperledger/.nvm/versions/node/v8.16.1/lib/node_modules/composer-rest-server/node_modules/strong-remoting/lib/remote-objects.js:695:9)
    at runHandler (/home/hyperledger/.nvm/versions/node/v8.16.1/lib/node_modules/composer-rest-server/node_modules/strong-remoting/node_modules/loopback-phase/lib/phase.js:135:5)
    at /home/hyperledger/.nvm/versions/node/v8.16.1/lib/node_modules/composer-rest-server/node_modules/strong-remoting/node_modules/async/dist/async.js:3110:16
    at replenish (/home/hyperledger/.nvm/versions/node/v8.16.1/lib/node_modules/composer-rest-server/node_modules/strong-remoting/node_modules/async/dist/async.js:1011:17)
    at /home/hyperledger/.nvm/versions/node/v8.16.1/lib/node_modules/composer-rest-server/node_modules/strong-remoting/node_modules/async/dist/async.js:1016:9
    at eachLimit$1 (/home/hyperledger/.nvm/versions/node/v8.16.1/lib/node_modules/composer-rest-server/node_modules/strong-remoting/node_modules/async/dist/async.js:3196:24)
    at Object.<anonymous> (/home/hyperledger/.nvm/versions/node/v8.16.1/lib/node_modules/composer-rest-server/node_modules/strong-remoting/node_modules/async/dist/async.js:1046:16)
    at runHandlers (/home/hyperledger/.nvm/versions/node/v8.16.1/lib/node_modules/composer-rest-server/node_modules/strong-remoting/node_modules/loopback-phase/lib/phase.js:144:13)
    at /home/hyperledger/.nvm/versions/node/v8.16.1/lib/node_modules/composer-rest-server/node_modules/strong-remoting/node_modules/async/dist/async.js:3110:16
    at replenish (/home/hyperledger/.nvm/versions/node/v8.16.1/lib/node_modules/composer-rest-server/node_modules/strong-remoting/node_modules/async/dist/async.js:1011:17)
    at /home/hyperledger/.nvm/versions/node/v8.16.1/lib/node_modules/composer-rest-server/node_modules/strong-remoting/node_modules/async/dist/async.js:1016:9
    at eachLimit$1 (/home/hyperledger/.nvm/versions/node/v8.16.1/lib/node_modules/composer-rest-server/node_modules/strong-remoting/node_modules/async/dist/async.js:3196:24)
    at Object.<anonymous> (/home/hyperledger/.nvm/versions/node/v8.16.1/lib/node_modules/composer-rest-server/node_modules/strong-remoting/node_modules/async/dist/async.js:1046:16)
Unhandled error for request POST /api/SensorCertifier: Error: Error trying invoke business network with transaction id e817d1e2a3992eba62969a0996527dbb417ee6cd489df3ca334a952b7e740a4c. Error: No valid responses from any peers.
Response from attempted peer comms was an error: Error: transaction returned with failure: Error: Failed to add object with ID 'BlockPower1' in collection with ID 'Participant:org.proyecto.lowcarbon.SensorCertifier' as the object already exists
    at HLFConnection.invokeChainCode (/home/hyperledger/.nvm/versions/node/v8.16.1/lib/node_modules/composer-rest-server/node_modules/composer-connector-hlfv1/lib/hlfconnection.js:1117:30)
    at <anonymous>
Unhandled error for request POST /api/VehicleCompany: Error: Error trying invoke business network with transaction id f47af81141556e3c19792d54d270ea223fc5610eb7d0d4798e750207c11cc40b. Error: No valid responses from any peers.
Response from attempted peer comms was an error: Error: transaction returned with failure: Error: Failed to add object with ID 'BlockPower1' in collection with ID 'Participant:org.proyecto.lowcarbon.VehicleCompany' as the object already exists
    at HLFConnection.invokeChainCode (/home/hyperledger/.nvm/versions/node/v8.16.1/lib/node_modules/composer-rest-server/node_modules/composer-connector-hlfv1/lib/hlfconnection.js:1117:30)
    at <anonymous>
Unhandled error for request POST /api/VehicleCompany: Error: Error trying invoke business network with transaction id e219013ac0e75565601c9d05af6be1e2007e443b3aedb76289f592fef2dc37f1. Error: No valid responses from any peers.
Response from attempted peer comms was an error: Error: transaction returned with failure: Error: Failed to add object with ID 'BlockPower1' in collection with ID 'Participant:org.proyecto.lowcarbon.VehicleCompany' as the object already exists
    at HLFConnection.invokeChainCode (/home/hyperledger/.nvm/versions/node/v8.16.1/lib/node_modules/composer-rest-server/node_modules/composer-connector-hlfv1/lib/hlfconnection.js:1117:30)
    at <anonymous>
Unhandled error for request POST /api/SensorCertifier: Error: Error trying invoke business network with transaction id 14e4e204b98271ef0537f0c2a826de69e108e849ce0c482fbdbaa4592d6d192a. Error: No valid responses from any peers.
Response from attempted peer comms was an error: Error: transaction returned with failure: Error: Failed to add object with ID 'BlockPower1' in collection with ID 'Participant:org.proyecto.lowcarbon.SensorCertifier' as the object already exists
    at HLFConnection.invokeChainCode (/home/hyperledger/.nvm/versions/node/v8.16.1/lib/node_modules/composer-rest-server/node_modules/composer-connector-hlfv1/lib/hlfconnection.js:1117:30)
    at <anonymous>
Unhandled error for request POST /api/Vehicle: Error: Error trying invoke business network with transaction id aebb2700dd700f8b6bf9b868cf6a05e6b43069009e72515362dff9cb3fb56b0b. Error: No valid responses from any peers.
Response from attempted peer comms was an error: Error: transaction returned with failure: Error: Failed to add object with ID 'sdfg' in collection with ID 'Asset:org.proyecto.lowcarbon.Vehicle' as the object already exists
    at HLFConnection.invokeChainCode (/home/hyperledger/.nvm/versions/node/v8.16.1/lib/node_modules/composer-rest-server/node_modules/composer-connector-hlfv1/lib/hlfconnection.js:1117:30)
    at <anonymous>
Unhandled error for request PUT /api/Vehicle/12344: Error: id property (vinId) cannot be updated from 12344 to 12344
    at Function.DataAccessObject.replaceById (/home/hyperledger/.nvm/versions/node/v8.16.1/lib/node_modules/composer-rest-server/node_modules/loopback-datasource-juggler/lib/dao.js:3033:11)
    at SharedMethod.invoke (/home/hyperledger/.nvm/versions/node/v8.16.1/lib/node_modules/composer-rest-server/node_modules/strong-remoting/lib/shared-method.js:270:25)
    at HttpContext.invoke (/home/hyperledger/.nvm/versions/node/v8.16.1/lib/node_modules/composer-rest-server/node_modules/strong-remoting/lib/http-context.js:297:12)
    at phaseInvoke (/home/hyperledger/.nvm/versions/node/v8.16.1/lib/node_modules/composer-rest-server/node_modules/strong-remoting/lib/remote-objects.js:695:9)
    at runHandler (/home/hyperledger/.nvm/versions/node/v8.16.1/lib/node_modules/composer-rest-server/node_modules/strong-remoting/node_modules/loopback-phase/lib/phase.js:135:5)
    at /home/hyperledger/.nvm/versions/node/v8.16.1/lib/node_modules/composer-rest-server/node_modules/strong-remoting/node_modules/async/dist/async.js:3110:16
    at replenish (/home/hyperledger/.nvm/versions/node/v8.16.1/lib/node_modules/composer-rest-server/node_modules/strong-remoting/node_modules/async/dist/async.js:1011:17)
    at /home/hyperledger/.nvm/versions/node/v8.16.1/lib/node_modules/composer-rest-server/node_modules/strong-remoting/node_modules/async/dist/async.js:1016:9
    at eachLimit$1 (/home/hyperledger/.nvm/versions/node/v8.16.1/lib/node_modules/composer-rest-server/node_modules/strong-remoting/node_modules/async/dist/async.js:3196:24)
    at Object.<anonymous> (/home/hyperledger/.nvm/versions/node/v8.16.1/lib/node_modules/composer-rest-server/node_modules/strong-remoting/node_modules/async/dist/async.js:1046:16)
    at runHandlers (/home/hyperledger/.nvm/versions/node/v8.16.1/lib/node_modules/composer-rest-server/node_modules/strong-remoting/node_modules/loopback-phase/lib/phase.js:144:13)
    at /home/hyperledger/.nvm/versions/node/v8.16.1/lib/node_modules/composer-rest-server/node_modules/strong-remoting/node_modules/async/dist/async.js:3110:16
    at replenish (/home/hyperledger/.nvm/versions/node/v8.16.1/lib/node_modules/composer-rest-server/node_modules/strong-remoting/node_modules/async/dist/async.js:1011:17)
    at /home/hyperledger/.nvm/versions/node/v8.16.1/lib/node_modules/composer-rest-server/node_modules/strong-remoting/node_modules/async/dist/async.js:1016:9
    at eachLimit$1 (/home/hyperledger/.nvm/versions/node/v8.16.1/lib/node_modules/composer-rest-server/node_modules/strong-remoting/node_modules/async/dist/async.js:3196:24)
    at Object.<anonymous> (/home/hyperledger/.nvm/versions/node/v8.16.1/lib/node_modules/composer-rest-server/node_modules/strong-remoting/node_modules/async/dist/async.js:1046:16)
Unhandled error for request POST /api/SensorCertifier: Error: Error trying invoke business network with transaction id 5d55fb091215686c77605831579d434f5fba519ccfb76da3d14815d59b3da2ee. Error: No valid responses from any peers.
Response from attempted peer comms was an error: Error: transaction returned with failure: Error: Failed to add object with ID 'BlockPower1' in collection with ID 'Participant:org.proyecto.lowcarbon.SensorCertifier' as the object already exists
    at HLFConnection.invokeChainCode (/home/hyperledger/.nvm/versions/node/v8.16.1/lib/node_modules/composer-rest-server/node_modules/composer-connector-hlfv1/lib/hlfconnection.js:1117:30)
    at <anonymous>
Unhandled error for request POST /api/VehicleCompany: Error: Error trying invoke business network with transaction id 65960b93b19ea5636a88b13a99680c0a4471a057988428e627942e2f27fb27a1. Error: No valid responses from any peers.
Response from attempted peer comms was an error: Error: transaction returned with failure: Error: Failed to add object with ID 'BlockPower1' in collection with ID 'Participant:org.proyecto.lowcarbon.VehicleCompany' as the object already exists
    at HLFConnection.invokeChainCode (/home/hyperledger/.nvm/versions/node/v8.16.1/lib/node_modules/composer-rest-server/node_modules/composer-connector-hlfv1/lib/hlfconnection.js:1117:30)
    at <anonymous>
Unhandled error for request POST /api/VehicleCompany: Error: Error trying invoke business network with transaction id 991857cb1421923c3e494b5820cd8690345d341675ce11e7f3e1e0225cd2adf2. Error: No valid responses from any peers.
Response from attempted peer comms was an error: Error: transaction returned with failure: Error: Failed to add object with ID 'BlockPower1' in collection with ID 'Participant:org.proyecto.lowcarbon.VehicleCompany' as the object already exists
    at HLFConnection.invokeChainCode (/home/hyperledger/.nvm/versions/node/v8.16.1/lib/node_modules/composer-rest-server/node_modules/composer-connector-hlfv1/lib/hlfconnection.js:1117:30)
    at <anonymous>
Unhandled error for request POST /api/SensorCertifier: Error: Error trying invoke business network with transaction id 6ef4cd118c27f3ad068fc6019e4e80a7b9f290d77fe87b50958d2e65a810f419. Error: No valid responses from any peers.
Response from attempted peer comms was an error: Error: transaction returned with failure: Error: Failed to add object with ID 'BlockPower1' in collection with ID 'Participant:org.proyecto.lowcarbon.SensorCertifier' as the object already exists
    at HLFConnection.invokeChainCode (/home/hyperledger/.nvm/versions/node/v8.16.1/lib/node_modules/composer-rest-server/node_modules/composer-connector-hlfv1/lib/hlfconnection.js:1117:30)
    at <anonymous>
Unhandled error for request POST /api/VehicleCompany: Error: Error trying invoke business network with transaction id d63c5d52268c511e62904bbf834235d4630bb7146e4e6987865217bda2bce537. Error: No valid responses from any peers.
Response from attempted peer comms was an error: Error: transaction returned with failure: Error: Failed to add object with ID 'BlockPower1' in collection with ID 'Participant:org.proyecto.lowcarbon.VehicleCompany' as the object already exists
    at HLFConnection.invokeChainCode (/home/hyperledger/.nvm/versions/node/v8.16.1/lib/node_modules/composer-rest-server/node_modules/composer-connector-hlfv1/lib/hlfconnection.js:1117:30)
    at <anonymous>
Unhandled error for request POST /api/SensorCertifier: Error: Error trying invoke business network with transaction id 76aceb594a9f22badd69c7c51fc23b7d446b60c04dbb58cf3f0099c5976e0d8c. Error: No valid responses from any peers.
Response from attempted peer comms was an error: Error: transaction returned with failure: Error: Failed to add object with ID 'BlockPower1' in collection with ID 'Participant:org.proyecto.lowcarbon.SensorCertifier' as the object already exists
    at HLFConnection.invokeChainCode (/home/hyperledger/.nvm/versions/node/v8.16.1/lib/node_modules/composer-rest-server/node_modules/composer-connector-hlfv1/lib/hlfconnection.js:1117:30)
    at <anonymous>
Unhandled error for request POST /api/Vehicle: Error: Error trying invoke business network with transaction id 63ba2cb7acbd8884fe886a5bde9158e9fad0da5a94a7cf9a201b3de528a43882. Error: No valid responses from any peers.
Response from attempted peer comms was an error: Error: transaction returned with failure: Error: Failed to add object with ID 'Z009' in collection with ID 'Asset:org.proyecto.lowcarbon.Vehicle' as the object already exists
    at HLFConnection.invokeChainCode (/home/hyperledger/.nvm/versions/node/v8.16.1/lib/node_modules/composer-rest-server/node_modules/composer-connector-hlfv1/lib/hlfconnection.js:1117:30)
    at <anonymous>
Unhandled error for request GET /api/VehicleCompany/BlockPower: Error: Unknown "VehicleCompany" id "BlockPower".
    at Function.convertNullToNotFoundError (/home/hyperledger/.nvm/versions/node/v8.16.1/lib/node_modules/composer-rest-server/node_modules/loopback/lib/persisted-model.js:89:17)
    at invokeRestAfter (/home/hyperledger/.nvm/versions/node/v8.16.1/lib/node_modules/composer-rest-server/node_modules/strong-remoting/lib/rest-adapter.js:532:25)
    at /home/hyperledger/.nvm/versions/node/v8.16.1/lib/node_modules/composer-rest-server/node_modules/strong-remoting/node_modules/async/dist/async.js:3880:24
    at replenish (/home/hyperledger/.nvm/versions/node/v8.16.1/lib/node_modules/composer-rest-server/node_modules/strong-remoting/node_modules/async/dist/async.js:1011:17)
    at iterateeCallback (/home/hyperledger/.nvm/versions/node/v8.16.1/lib/node_modules/composer-rest-server/node_modules/strong-remoting/node_modules/async/dist/async.js:995:17)
    at /home/hyperledger/.nvm/versions/node/v8.16.1/lib/node_modules/composer-rest-server/node_modules/strong-remoting/node_modules/async/dist/async.js:969:16
    at /home/hyperledger/.nvm/versions/node/v8.16.1/lib/node_modules/composer-rest-server/node_modules/strong-remoting/node_modules/async/dist/async.js:3885:13
    at interceptInvocationErrors (/home/hyperledger/.nvm/versions/node/v8.16.1/lib/node_modules/composer-rest-server/node_modules/strong-remoting/lib/remote-objects.js:731:22)
    at /home/hyperledger/.nvm/versions/node/v8.16.1/lib/node_modules/composer-rest-server/node_modules/strong-remoting/node_modules/async/dist/async.js:473:16
    at replenish (/home/hyperledger/.nvm/versions/node/v8.16.1/lib/node_modules/composer-rest-server/node_modules/strong-remoting/node_modules/async/dist/async.js:1006:25)
    at iterateeCallback (/home/hyperledger/.nvm/versions/node/v8.16.1/lib/node_modules/composer-rest-server/node_modules/strong-remoting/node_modules/async/dist/async.js:995:17)
    at /home/hyperledger/.nvm/versions/node/v8.16.1/lib/node_modules/composer-rest-server/node_modules/strong-remoting/node_modules/async/dist/async.js:969:16
    at /home/hyperledger/.nvm/versions/node/v8.16.1/lib/node_modules/composer-rest-server/node_modules/strong-remoting/node_modules/async/dist/async.js:473:16
    at replenish (/home/hyperledger/.nvm/versions/node/v8.16.1/lib/node_modules/composer-rest-server/node_modules/strong-remoting/node_modules/async/dist/async.js:1006:25)
    at iterateeCallback (/home/hyperledger/.nvm/versions/node/v8.16.1/lib/node_modules/composer-rest-server/node_modules/strong-remoting/node_modules/async/dist/async.js:995:17)
    at /home/hyperledger/.nvm/versions/node/v8.16.1/lib/node_modules/composer-rest-server/node_modules/strong-remoting/node_modules/async/dist/async.js:969:16
Unhandled error for request POST /api/VehicleCompany: Error: Error trying invoke business network with transaction id 3d1ce51615a0bcda78e2d9f65c74c14f6b2ed885f03882e407744041e7e60d0c. Error: No valid responses from any peers.
Response from attempted peer comms was an error: Error: transaction returned with failure: Error: Failed to add object with ID 'BlockPower1' in collection with ID 'Participant:org.proyecto.lowcarbon.VehicleCompany' as the object already exists
    at HLFConnection.invokeChainCode (/home/hyperledger/.nvm/versions/node/v8.16.1/lib/node_modules/composer-rest-server/node_modules/composer-connector-hlfv1/lib/hlfconnection.js:1117:30)
    at <anonymous>
Unhandled error for request POST /api/SensorCertifier: Error: Error trying invoke business network with transaction id 1e2b8bced8b45d886538eef1eccffe6a2598d9c499c431f66a4c7e78f4061f17. Error: No valid responses from any peers.
Response from attempted peer comms was an error: Error: transaction returned with failure: Error: Failed to add object with ID 'BlockPower1' in collection with ID 'Participant:org.proyecto.lowcarbon.SensorCertifier' as the object already exists
    at HLFConnection.invokeChainCode (/home/hyperledger/.nvm/versions/node/v8.16.1/lib/node_modules/composer-rest-server/node_modules/composer-connector-hlfv1/lib/hlfconnection.js:1117:30)
    at <anonymous>
Unhandled error for request POST /api/VehicleCompany: Error: Error trying invoke business network with transaction id 4390b74bdd2fd8eb0c796a52257cb055cf0485087a424489fda033976dfa818f. Error: No valid responses from any peers.
Response from attempted peer comms was an error: Error: transaction returned with failure: Error: Failed to add object with ID 'BlockPower1' in collection with ID 'Participant:org.proyecto.lowcarbon.VehicleCompany' as the object already exists
    at HLFConnection.invokeChainCode (/home/hyperledger/.nvm/versions/node/v8.16.1/lib/node_modules/composer-rest-server/node_modules/composer-connector-hlfv1/lib/hlfconnection.js:1117:30)
    at <anonymous>
Unhandled error for request POST /api/SensorCertifier: Error: Error trying invoke business network with transaction id bcfd2bb503a84c44fee5a21c606a2fdecbd3796dd152ba633206a3a4ffd67b7e. Error: No valid responses from any peers.
Response from attempted peer comms was an error: Error: transaction returned with failure: Error: Failed to add object with ID 'BlockPower1' in collection with ID 'Participant:org.proyecto.lowcarbon.SensorCertifier' as the object already exists
    at HLFConnection.invokeChainCode (/home/hyperledger/.nvm/versions/node/v8.16.1/lib/node_modules/composer-rest-server/node_modules/composer-connector-hlfv1/lib/hlfconnection.js:1117:30)
    at <anonymous>
Unhandled error for request POST /api/VehicleCompany: Error: Error trying invoke business network with transaction id 5d655cf0a9f33589de28dec7baf13a9f217496799f40487fc723569f85c622cf. Error: No valid responses from any peers.
Response from attempted peer comms was an error: Error: transaction returned with failure: Error: Failed to add object with ID 'BlockPower1' in collection with ID 'Participant:org.proyecto.lowcarbon.VehicleCompany' as the object already exists
    at HLFConnection.invokeChainCode (/home/hyperledger/.nvm/versions/node/v8.16.1/lib/node_modules/composer-rest-server/node_modules/composer-connector-hlfv1/lib/hlfconnection.js:1117:30)
    at <anonymous>
Unhandled error for request POST /api/SensorCertifier: Error: Error trying invoke business network with transaction id a500e5f519a8f59374495bd4de24a76e1bdb0e6896070310764c394d12793aba. Error: No valid responses from any peers.
Response from attempted peer comms was an error: Error: transaction returned with failure: Error: Failed to add object with ID 'BlockPower1' in collection with ID 'Participant:org.proyecto.lowcarbon.SensorCertifier' as the object already exists
    at HLFConnection.invokeChainCode (/home/hyperledger/.nvm/versions/node/v8.16.1/lib/node_modules/composer-rest-server/node_modules/composer-connector-hlfv1/lib/hlfconnection.js:1117:30)
    at <anonymous>
