[34mℹ[39m [90m｢wds｣[39m: Project is running at http://localhost:4200/webpack-dev-server/
[34mℹ[39m [90m｢wds｣[39m: webpack output is served from /
[34mℹ[39m [90m｢wds｣[39m: 404s will fallback to //index.html
[34mℹ[39m [90m｢wdm｣[39m: wait until bundle finished: /auth/login
[34mℹ[39m [90m｢wdm｣[39m: wait until bundle finished: /auth/login

chunk {default~features-dashboard-dashboard-module~features-sensor-sensor-module~features-vehicle-vehicle-module} default~features-dashboard-dashboard-module~features-sensor-sensor-module~features-vehicle-vehicle-module.js, default~features-dashboard-dashboard-module~features-sensor-sensor-module~features-vehicle-vehicle-module.js.map (default~features-dashboard-dashboard-module~features-sensor-sensor-module~features-vehicle-vehicle-module) 2.2 MB  [rendered]
chunk {default~features-sensor-sensor-module~features-vehicle-vehicle-module} default~features-sensor-sensor-module~features-vehicle-vehicle-module.js, default~features-sensor-sensor-module~features-vehicle-vehicle-module.js.map (default~features-sensor-sensor-module~features-vehicle-vehicle-module) 221 kB  [rendered]
chunk {features-auth-auth-module} features-auth-auth-module.js, features-auth-auth-module.js.map (features-auth-auth-module) 9.75 kB  [rendered]
chunk {features-dashboard-dashboard-module} features-dashboard-dashboard-module.js, features-dashboard-dashboard-module.js.map (features-dashboard-dashboard-module) 47.8 kB  [rendered]
chunk {features-sensor-sensor-module} features-sensor-sensor-module.js, features-sensor-sensor-module.js.map (features-sensor-sensor-module) 31.3 kB  [rendered]
chunk {features-vehicle-vehicle-module} features-vehicle-vehicle-module.js, features-vehicle-vehicle-module.js.map (features-vehicle-vehicle-module) 49.2 kB  [rendered]
chunk {main} main.js, main.js.map (main) 29 kB [initial] [rendered]
chunk {polyfills} polyfills.js, polyfills.js.map (polyfills) 251 kB [initial] [rendered]
chunk {runtime} runtime.js, runtime.js.map (runtime) 9.51 kB [entry] [rendered]
chunk {scripts} scripts.js, scripts.js.map (scripts) 153 kB [entry] [rendered]
chunk {styles} styles.js, styles.js.map (styles) 4.23 MB [initial] [rendered]
chunk {vendor} vendor.js, vendor.js.map (vendor) 4.39 MB [initial] [rendered]
Date: 2019-09-09T15:01:10.435Z - Hash: eb73ad41ce2f49748803 - Time: 61141ms
** Angular Live Development Server is listening on :4200, open your browser on http:/ **
[34mℹ[39m [90m｢wdm｣[39m: Compiled successfully.
