Swagger: skipping unknown type "EmisionReading".
Swagger: skipping unknown type "EmisionReading".
Swagger: skipping unknown type "EmisionReading".
Swagger: skipping unknown type "EmisionReading".
Unhandled error for request POST /api/VehicleCompany: Error: Error trying invoke business network with transaction id 9d0c20ebf013cb074219e333034444effcae66d35bce8e1712ca9f5d71fade7a. Error: No valid responses from any peers.
Response from attempted peer comms was an error: Error: transaction returned with failure: Error: Failed to add object with ID 'BlockPower1' in collection with ID 'Participant:org.proyecto.lowcarbon.VehicleCompany' as the object already exists
    at HLFConnection.invokeChainCode (/home/hyperledger/.nvm/versions/node/v8.16.1/lib/node_modules/composer-rest-server/node_modules/composer-connector-hlfv1/lib/hlfconnection.js:1117:30)
    at <anonymous>
Unhandled error for request POST /api/SensorCertifier: Error: Error trying invoke business network with transaction id eef4c18e9794e4dcc06d1fc0e1631547c8f6b279fa8a095f928c50c9938e7060. Error: No valid responses from any peers.
Response from attempted peer comms was an error: Error: transaction returned with failure: Error: Failed to add object with ID 'BlockPower1' in collection with ID 'Participant:org.proyecto.lowcarbon.SensorCertifier' as the object already exists
    at HLFConnection.invokeChainCode (/home/hyperledger/.nvm/versions/node/v8.16.1/lib/node_modules/composer-rest-server/node_modules/composer-connector-hlfv1/lib/hlfconnection.js:1117:30)
    at <anonymous>
Unhandled error for request POST /api/Vehicle: Error: Error trying invoke business network with transaction id 83e329c80e3289e2587ab6c3bcbd3a8684d592e4a91a95e5661c40513a55cafe. Error: No valid responses from any peers.
Response from attempted peer comms was an error: Error: transaction returned with failure: Error: Failed to add object with ID '123' in collection with ID 'Asset:org.proyecto.lowcarbon.Vehicle' as the object already exists
    at HLFConnection.invokeChainCode (/home/hyperledger/.nvm/versions/node/v8.16.1/lib/node_modules/composer-rest-server/node_modules/composer-connector-hlfv1/lib/hlfconnection.js:1117:30)
    at <anonymous>
Unhandled error for request PUT /api/Vehicle/123: Error: id property (vinId) cannot be updated from 123 to 123
    at Function.DataAccessObject.replaceById (/home/hyperledger/.nvm/versions/node/v8.16.1/lib/node_modules/composer-rest-server/node_modules/loopback-datasource-juggler/lib/dao.js:3033:11)
    at SharedMethod.invoke (/home/hyperledger/.nvm/versions/node/v8.16.1/lib/node_modules/composer-rest-server/node_modules/strong-remoting/lib/shared-method.js:270:25)
    at HttpContext.invoke (/home/hyperledger/.nvm/versions/node/v8.16.1/lib/node_modules/composer-rest-server/node_modules/strong-remoting/lib/http-context.js:297:12)
    at phaseInvoke (/home/hyperledger/.nvm/versions/node/v8.16.1/lib/node_modules/composer-rest-server/node_modules/strong-remoting/lib/remote-objects.js:695:9)
    at runHandler (/home/hyperledger/.nvm/versions/node/v8.16.1/lib/node_modules/composer-rest-server/node_modules/strong-remoting/node_modules/loopback-phase/lib/phase.js:135:5)
    at /home/hyperledger/.nvm/versions/node/v8.16.1/lib/node_modules/composer-rest-server/node_modules/strong-remoting/node_modules/async/dist/async.js:3110:16
    at replenish (/home/hyperledger/.nvm/versions/node/v8.16.1/lib/node_modules/composer-rest-server/node_modules/strong-remoting/node_modules/async/dist/async.js:1011:17)
    at /home/hyperledger/.nvm/versions/node/v8.16.1/lib/node_modules/composer-rest-server/node_modules/strong-remoting/node_modules/async/dist/async.js:1016:9
    at eachLimit$1 (/home/hyperledger/.nvm/versions/node/v8.16.1/lib/node_modules/composer-rest-server/node_modules/strong-remoting/node_modules/async/dist/async.js:3196:24)
    at Object.<anonymous> (/home/hyperledger/.nvm/versions/node/v8.16.1/lib/node_modules/composer-rest-server/node_modules/strong-remoting/node_modules/async/dist/async.js:1046:16)
    at runHandlers (/home/hyperledger/.nvm/versions/node/v8.16.1/lib/node_modules/composer-rest-server/node_modules/strong-remoting/node_modules/loopback-phase/lib/phase.js:144:13)
    at /home/hyperledger/.nvm/versions/node/v8.16.1/lib/node_modules/composer-rest-server/node_modules/strong-remoting/node_modules/async/dist/async.js:3110:16
    at replenish (/home/hyperledger/.nvm/versions/node/v8.16.1/lib/node_modules/composer-rest-server/node_modules/strong-remoting/node_modules/async/dist/async.js:1011:17)
    at /home/hyperledger/.nvm/versions/node/v8.16.1/lib/node_modules/composer-rest-server/node_modules/strong-remoting/node_modules/async/dist/async.js:1016:9
    at eachLimit$1 (/home/hyperledger/.nvm/versions/node/v8.16.1/lib/node_modules/composer-rest-server/node_modules/strong-remoting/node_modules/async/dist/async.js:3196:24)
    at Object.<anonymous> (/home/hyperledger/.nvm/versions/node/v8.16.1/lib/node_modules/composer-rest-server/node_modules/strong-remoting/node_modules/async/dist/async.js:1046:16)
Unhandled error for request PUT /api/Vehicle/123: Error: id property (vinId) cannot be updated from 123 to 123
    at Function.DataAccessObject.replaceById (/home/hyperledger/.nvm/versions/node/v8.16.1/lib/node_modules/composer-rest-server/node_modules/loopback-datasource-juggler/lib/dao.js:3033:11)
    at SharedMethod.invoke (/home/hyperledger/.nvm/versions/node/v8.16.1/lib/node_modules/composer-rest-server/node_modules/strong-remoting/lib/shared-method.js:270:25)
    at HttpContext.invoke (/home/hyperledger/.nvm/versions/node/v8.16.1/lib/node_modules/composer-rest-server/node_modules/strong-remoting/lib/http-context.js:297:12)
    at phaseInvoke (/home/hyperledger/.nvm/versions/node/v8.16.1/lib/node_modules/composer-rest-server/node_modules/strong-remoting/lib/remote-objects.js:695:9)
    at runHandler (/home/hyperledger/.nvm/versions/node/v8.16.1/lib/node_modules/composer-rest-server/node_modules/strong-remoting/node_modules/loopback-phase/lib/phase.js:135:5)
    at /home/hyperledger/.nvm/versions/node/v8.16.1/lib/node_modules/composer-rest-server/node_modules/strong-remoting/node_modules/async/dist/async.js:3110:16
    at replenish (/home/hyperledger/.nvm/versions/node/v8.16.1/lib/node_modules/composer-rest-server/node_modules/strong-remoting/node_modules/async/dist/async.js:1011:17)
    at /home/hyperledger/.nvm/versions/node/v8.16.1/lib/node_modules/composer-rest-server/node_modules/strong-remoting/node_modules/async/dist/async.js:1016:9
    at eachLimit$1 (/home/hyperledger/.nvm/versions/node/v8.16.1/lib/node_modules/composer-rest-server/node_modules/strong-remoting/node_modules/async/dist/async.js:3196:24)
    at Object.<anonymous> (/home/hyperledger/.nvm/versions/node/v8.16.1/lib/node_modules/composer-rest-server/node_modules/strong-remoting/node_modules/async/dist/async.js:1046:16)
    at runHandlers (/home/hyperledger/.nvm/versions/node/v8.16.1/lib/node_modules/composer-rest-server/node_modules/strong-remoting/node_modules/loopback-phase/lib/phase.js:144:13)
    at /home/hyperledger/.nvm/versions/node/v8.16.1/lib/node_modules/composer-rest-server/node_modules/strong-remoting/node_modules/async/dist/async.js:3110:16
    at replenish (/home/hyperledger/.nvm/versions/node/v8.16.1/lib/node_modules/composer-rest-server/node_modules/strong-remoting/node_modules/async/dist/async.js:1011:17)
    at /home/hyperledger/.nvm/versions/node/v8.16.1/lib/node_modules/composer-rest-server/node_modules/strong-remoting/node_modules/async/dist/async.js:1016:9
    at eachLimit$1 (/home/hyperledger/.nvm/versions/node/v8.16.1/lib/node_modules/composer-rest-server/node_modules/strong-remoting/node_modules/async/dist/async.js:3196:24)
    at Object.<anonymous> (/home/hyperledger/.nvm/versions/node/v8.16.1/lib/node_modules/composer-rest-server/node_modules/strong-remoting/node_modules/async/dist/async.js:1046:16)
